Building DAG of jobs...
Using shell: /usr/bin/bash
Provided cores: 2
Rules claiming more threads will be scaled down.
Job stats:
job       count
------  -------
all           1
reprex        1
total         2

Select jobs to execute...
Execute 1 jobs...

[Mon Jul  8 12:07:01 2024]
localrule reprex:
    input: input_file.txt
    output: output_file.txt
    jobid: 1
    reason: Missing output files: output_file.txt
    resources: tmpdir=/tmp, mem_mb=1000, mem_mib=954, runtime=5, partition=med2

[Mon Jul  8 12:07:31 2024]
Finished job 1.
1 of 2 steps (50%) done
Select jobs to execute...
Execute 1 jobs...

[Mon Jul  8 12:07:31 2024]
localrule all:
    input: output_file.txt
    jobid: 0
    reason: Input files updated by another job: output_file.txt
    resources: tmpdir=/tmp

[Mon Jul  8 12:07:31 2024]
Finished job 0.
2 of 2 steps (100%) done
Complete log: .snakemake/log/2024-07-08T120701.350110.snakemake.log
